  main.cpp
C:\Users\Joseph\source\repos\gjproj\gjproj\main.cpp(43): warning C4244: 'initializing': conversion from 'double' to 'int', possible loss of data
C:\Users\Joseph\source\repos\gjproj\gjproj\main.cpp(44): warning C4244: 'initializing': conversion from 'double' to 'int', possible loss of data
C:\Users\Joseph\source\repos\gjproj\gjproj\main.cpp(68): warning C4244: '=': conversion from 'int' to 'float', possible loss of data
C:\Users\Joseph\source\repos\gjproj\gjproj\main.cpp(69): warning C4244: '=': conversion from 'int' to 'float', possible loss of data
C:\Users\Joseph\source\repos\gjproj\gjproj\main.cpp(70): warning C4244: '=': conversion from 'int' to 'float', possible loss of data
C:\Users\Joseph\source\repos\gjproj\gjproj\main.cpp(71): warning C4244: '=': conversion from 'int' to 'float', possible loss of data
C:\Users\Joseph\source\repos\gjproj\gjproj\main.cpp(81): warning C4244: '=': conversion from 'int' to 'float', possible loss of data
C:\Users\Joseph\source\repos\gjproj\gjproj\main.cpp(82): warning C4244: '=': conversion from 'int' to 'float', possible loss of data
C:\Users\Joseph\source\repos\gjproj\gjproj\main.cpp(83): warning C4244: '=': conversion from 'int' to 'float', possible loss of data
C:\Users\Joseph\source\repos\gjproj\gjproj\main.cpp(84): warning C4244: '=': conversion from 'int' to 'float', possible loss of data
C:\Users\Joseph\source\repos\gjproj\gjproj\main.cpp(105): warning C4018: '<': signed/unsigned mismatch
C:\Users\Joseph\source\repos\gjproj\gjproj\main.cpp(118): warning C4018: '>=': signed/unsigned mismatch
C:\Users\Joseph\source\repos\gjproj\gjproj\main.cpp(119): warning C4018: '<': signed/unsigned mismatch
C:\Users\Joseph\source\repos\gjproj\gjproj\main.cpp(120): warning C4018: '>=': signed/unsigned mismatch
C:\Users\Joseph\source\repos\gjproj\gjproj\main.cpp(176): warning C4018: '<': signed/unsigned mismatch
C:\Users\Joseph\source\repos\gjproj\gjproj\main.cpp(184): warning C4018: '<': signed/unsigned mismatch
C:\Users\Joseph\source\repos\gjproj\gjproj\main.cpp(203): warning C4018: '<': signed/unsigned mismatch
C:\Users\Joseph\source\repos\gjproj\gjproj\main.cpp(244): warning C4244: 'initializing': conversion from 'int' to 'float', possible loss of data
C:\Users\Joseph\source\repos\gjproj\gjproj\main.cpp(265): warning C4244: 'argument': conversion from 'float' to 'int', possible loss of data
C:\Users\Joseph\source\repos\gjproj\gjproj\main.cpp(284): warning C4244: '=': conversion from 'double' to 'float', possible loss of data
C:\Users\Joseph\source\repos\gjproj\gjproj\main.cpp(285): warning C4244: '=': conversion from 'double' to 'float', possible loss of data
C:\Users\Joseph\source\repos\gjproj\gjproj\main.cpp(315): warning C4244: '=': conversion from 'double' to 'float', possible loss of data
C:\Users\Joseph\source\repos\gjproj\gjproj\main.cpp(316): warning C4244: '=': conversion from 'double' to 'float', possible loss of data
C:\Users\Joseph\source\repos\gjproj\gjproj\main.cpp(382): warning C4018: '<': signed/unsigned mismatch
C:\Users\Joseph\source\repos\gjproj\gjproj\main.cpp(395): warning C4018: '>=': signed/unsigned mismatch
C:\Users\Joseph\source\repos\gjproj\gjproj\main.cpp(400): warning C4018: '<': signed/unsigned mismatch
C:\Users\Joseph\source\repos\gjproj\gjproj\main.cpp(402): warning C4018: '<': signed/unsigned mismatch
C:\Users\Joseph\source\repos\gjproj\gjproj\main.cpp(483): warning C4244: 'argument': conversion from 'float' to 'int', possible loss of data
C:\Users\Joseph\source\repos\gjproj\gjproj\main.cpp(493): warning C4244: 'initializing': conversion from 'float' to 'int', possible loss of data
C:\Users\Joseph\source\repos\gjproj\gjproj\main.cpp(494): warning C4244: 'initializing': conversion from 'float' to 'int', possible loss of data
C:\Users\Joseph\source\repos\gjproj\gjproj\main.cpp(495): warning C4244: 'initializing': conversion from 'float' to 'int', possible loss of data
C:\Users\Joseph\source\repos\gjproj\gjproj\main.cpp(496): warning C4244: 'initializing': conversion from 'float' to 'int', possible loss of data
C:\Users\Joseph\source\repos\gjproj\gjproj\main.cpp(508): warning C4244: 'initializing': conversion from 'float' to 'int', possible loss of data
C:\Users\Joseph\source\repos\gjproj\gjproj\main.cpp(509): warning C4244: 'initializing': conversion from 'float' to 'int', possible loss of data
C:\Users\Joseph\source\repos\gjproj\gjproj\main.cpp(520): warning C4244: 'initializing': conversion from 'float' to 'int', possible loss of data
C:\Users\Joseph\source\repos\gjproj\gjproj\main.cpp(521): warning C4244: 'initializing': conversion from 'float' to 'int', possible loss of data
C:\Users\Joseph\source\repos\gjproj\gjproj\main.cpp(522): warning C4244: 'initializing': conversion from 'float' to 'int', possible loss of data
C:\Users\Joseph\source\repos\gjproj\gjproj\main.cpp(523): warning C4244: 'initializing': conversion from 'float' to 'int', possible loss of data
C:\Users\Joseph\source\repos\gjproj\gjproj\main.cpp(528): warning C4244: 'initializing': conversion from 'float' to 'int', possible loss of data
C:\Users\Joseph\source\repos\gjproj\gjproj\main.cpp(529): warning C4244: 'initializing': conversion from 'float' to 'int', possible loss of data
C:\Users\Joseph\source\repos\gjproj\gjproj\main.cpp(556): warning C4244: 'argument': conversion from 'int' to 'float', possible loss of data
C:\Users\Joseph\source\repos\gjproj\gjproj\main.cpp(559): warning C4244: 'argument': conversion from 'float' to 'int', possible loss of data
C:\Users\Joseph\source\repos\gjproj\gjproj\main.cpp(560): warning C4244: 'argument': conversion from 'float' to 'int', possible loss of data
C:\Users\Joseph\source\repos\gjproj\gjproj\main.cpp(561): warning C4244: 'argument': conversion from 'float' to 'int', possible loss of data
C:\Users\Joseph\source\repos\gjproj\gjproj\main.cpp(570): warning C4244: 'argument': conversion from 'int' to 'float', possible loss of data
C:\Users\Joseph\source\repos\gjproj\gjproj\main.cpp(573): warning C4244: 'argument': conversion from 'float' to 'int', possible loss of data
C:\Users\Joseph\source\repos\gjproj\gjproj\main.cpp(574): warning C4244: 'argument': conversion from 'float' to 'int', possible loss of data
C:\Users\Joseph\source\repos\gjproj\gjproj\main.cpp(588): warning C4244: 'argument': conversion from 'float' to 'int', possible loss of data
C:\Users\Joseph\source\repos\gjproj\gjproj\main.cpp(589): warning C4018: '<': signed/unsigned mismatch
C:\Users\Joseph\source\repos\gjproj\gjproj\main.cpp(591): warning C4244: 'argument': conversion from 'int' to 'float', possible loss of data
C:\Users\Joseph\source\repos\gjproj\gjproj\main.cpp(595): warning C4305: 'argument': truncation from 'double' to 'float'
C:\Users\Joseph\source\repos\gjproj\gjproj\main.cpp(595): warning C4244: 'argument': conversion from 'int' to 'float', possible loss of data
C:\Users\Joseph\source\repos\gjproj\gjproj\main.cpp(597): warning C4018: '<': signed/unsigned mismatch
C:\Users\Joseph\source\repos\gjproj\gjproj\main.cpp(604): warning C4244: 'argument': conversion from 'double' to 'float', possible loss of data
C:\Users\Joseph\source\repos\gjproj\gjproj\main.cpp(611): warning C4018: '<': signed/unsigned mismatch
C:\Users\Joseph\source\repos\gjproj\gjproj\main.cpp(615): warning C4244: 'argument': conversion from 'double' to 'float', possible loss of data
C:\Users\Joseph\source\repos\gjproj\gjproj\main.cpp(618): warning C4244: 'argument': conversion from 'double' to 'float', possible loss of data
C:\Users\Joseph\source\repos\gjproj\gjproj\main.cpp(620): warning C4244: 'argument': conversion from 'double' to 'float', possible loss of data
C:\Users\Joseph\source\repos\gjproj\gjproj\main.cpp(627): warning C4018: '<': signed/unsigned mismatch
C:\Users\Joseph\source\repos\gjproj\gjproj\main.cpp(631): warning C4018: '<': signed/unsigned mismatch
  Generating code
  0 of 1136 functions ( 0.0%) were compiled, the rest were copied from previous compilation.
    0 functions were new in current compilation
    0 functions had inline decision re-evaluated but remain unchanged
  Finished generating code
  gjproj.vcxproj -> C:\Users\Joseph\source\repos\gjproj\Release\gjproj.exe
